<?xml version="1.0" encoding="UTF-8"?>
<?xml-stylesheet type="text/xsl" href="ivy-report.xsl"?>
<ivy-report version="1.0">
	<info
		organisation="com.amazonaws"
		module="twitterextract_2.9.2"
		revision="0.1-SNAPSHOT"
		conf="test-internal"
		confs="compile, runtime, test, provided, optional, compile-internal, runtime-internal, test-internal, plugin, sources, docs, pom"
		date="20130411115516"/>
	<dependencies>
		<module organisation="org.twitter4j" name="twitter4j-stream">
			<revision name="3.0.3" status="release" pubdate="20121223041417" resolver="public" artresolver="public" homepage="http://twitter4j.org/" downloaded="false" searched="false" default="false" conf="default(compile), default, compile, runtime, master" position="3">
				<license name="Apache License 2.0" url="http://www.apache.org/licenses/LICENSE-2.0"/>
				<metadata-artifact status="no" details="" size="3418" time="0" location="/Users/parvizd/.ivy2/cache/org.twitter4j/twitter4j-stream/ivy-3.0.3.xml" searched="false" origin-is-local="false" origin-location="http://repo1.maven.org/maven2/org/twitter4j/twitter4j-stream/3.0.3/twitter4j-stream-3.0.3.pom"/>
				<caller organisation="com.amazonaws" name="twitterextract_2.9.2" conf="test-internal, test, optional, compile, provided, runtime" rev="3.0.3" rev-constraint-default="3.0.3" rev-constraint-dynamic="3.0.3" callerrev="0.1-SNAPSHOT"/>
				<artifacts>
					<artifact name="twitter4j-stream" type="jar" ext="jar" status="no" details="" size="56307" time="0" location="/Users/parvizd/.ivy2/cache/org.twitter4j/twitter4j-stream/jars/twitter4j-stream-3.0.3.jar">
						<origin-location is-local="false" location="http://repo1.maven.org/maven2/org/twitter4j/twitter4j-stream/3.0.3/twitter4j-stream-3.0.3.jar"/>
					</artifact>
				</artifacts>
			</revision>
		</module>
		<module organisation="org.twitter4j" name="twitter4j-core">
			<revision name="3.0.3" status="release" pubdate="20121223041256" resolver="public" artresolver="public" homepage="http://twitter4j.org/" downloaded="false" searched="false" default="false" conf="default(compile), default, compile, master(*), compile(*), runtime, runtime(*), master" position="2">
				<license name="Apache License 2.0" url="http://www.apache.org/licenses/LICENSE-2.0"/>
				<metadata-artifact status="no" details="" size="3561" time="0" location="/Users/parvizd/.ivy2/cache/org.twitter4j/twitter4j-core/ivy-3.0.3.xml" searched="false" origin-is-local="false" origin-location="http://repo1.maven.org/maven2/org/twitter4j/twitter4j-core/3.0.3/twitter4j-core-3.0.3.pom"/>
				<caller organisation="org.twitter4j" name="twitter4j-stream" conf="default, compile, runtime, master" rev="3.0.3" rev-constraint-default="3.0.3" rev-constraint-dynamic="3.0.3" callerrev="3.0.3"/>
				<caller organisation="com.amazonaws" name="twitterextract_2.9.2" conf="test-internal, test, optional, compile, provided, runtime" rev="3.0.3" rev-constraint-default="3.0.3" rev-constraint-dynamic="3.0.3" callerrev="0.1-SNAPSHOT"/>
				<artifacts>
					<artifact name="twitter4j-core" type="jar" ext="jar" status="no" details="" size="284077" time="0" location="/Users/parvizd/.ivy2/cache/org.twitter4j/twitter4j-core/jars/twitter4j-core-3.0.3.jar">
						<origin-location is-local="false" location="http://repo1.maven.org/maven2/org/twitter4j/twitter4j-core/3.0.3/twitter4j-core-3.0.3.jar"/>
					</artifact>
				</artifacts>
			</revision>
		</module>
		<module organisation="com.typesafe.akka" name="akka-actor">
			<revision name="2.0.1" status="release" pubdate="20121011004557" resolver="Typesafe Releases" artresolver="Typesafe Releases" homepage="http://akka.io" downloaded="false" searched="false" default="false" conf="default(compile), default, compile, runtime, master" position="1">
				<license name="Apache 2" url="http://www.apache.org/licenses/LICENSE-2.0.txt"/>
				<metadata-artifact status="no" details="" size="2498" time="0" location="/Users/parvizd/.ivy2/cache/com.typesafe.akka/akka-actor/ivy-2.0.1.xml" searched="false" origin-is-local="false" origin-location="http://repo.typesafe.com/typesafe/releases/com/typesafe/akka/akka-actor/2.0.1/akka-actor-2.0.1.pom"/>
				<caller organisation="com.amazonaws" name="twitterextract_2.9.2" conf="test-internal, test, optional, compile, provided, runtime" rev="2.0.1" rev-constraint-default="2.0.1" rev-constraint-dynamic="2.0.1" callerrev="0.1-SNAPSHOT"/>
				<artifacts>
					<artifact name="akka-actor" type="jar" ext="jar" status="no" details="" size="1841418" time="0" location="/Users/parvizd/.ivy2/cache/com.typesafe.akka/akka-actor/jars/akka-actor-2.0.1.jar">
						<origin-location is-local="false" location="http://repo.typesafe.com/typesafe/releases/com/typesafe/akka/akka-actor/2.0.1/akka-actor-2.0.1.jar"/>
					</artifact>
				</artifacts>
			</revision>
		</module>
		<module organisation="org.scala-lang" name="scala-library">
			<revision name="2.9.2" status="release" pubdate="20120413052921" resolver="sbt-chain" artresolver="sbt-chain" homepage="http://www.scala-lang.org/" downloaded="false" searched="false" default="false" conf="default(compile), default, compile, master(*), compile(*), runtime, runtime(*), master" position="0">
				<license name="BSD-like" url="http://www.scala-lang.org/downloads/license.html          "/>
				<metadata-artifact status="no" details="" size="2391" time="0" location="/Users/parvizd/.ivy2/cache/org.scala-lang/scala-library/ivy-2.9.2.xml" searched="false" origin-is-local="false" origin-location="http://repo1.maven.org/maven2/org/scala-lang/scala-library/2.9.2/scala-library-2.9.2.pom"/>
				<caller organisation="com.typesafe.akka" name="akka-actor" conf="default, compile, runtime, master" rev="2.9.2" rev-constraint-default="2.9.2" rev-constraint-dynamic="2.9.1-1" callerrev="2.0.1"/>
				<caller organisation="com.amazonaws" name="twitterextract_2.9.2" conf="test-internal, test, optional, compile, provided, runtime" rev="2.9.2" rev-constraint-default="2.9.2" rev-constraint-dynamic="2.9.2" callerrev="0.1-SNAPSHOT"/>
				<artifacts>
				</artifacts>
			</revision>
		</module>
	</dependencies>
</ivy-report>
